<?xml version="1.0" encoding="UTF-8"?>
<!-- Generated by org.testng.reporters.JUnitXMLReporter -->
<testsuite ignored="0" hostname="DESKTOP-TAKCJM8" failures="0" tests="5" name="Default test" time="2.799" errors="0" timestamp="2021-08-26T18:01:33 EDT">
  <testcase classname="com.htp.method.testng.TestingGetwithTestNG" name="getContainType" time="0.013"/>
  <testcase classname="com.htp.method.testng.TestingGetwithTestNG" name="getResponseDataValidation" time="0.772"/>
  <testcase classname="com.htp.method.testng.TestingGetwithTestNG" name="getResponseNullOrNot" time="0.001"/>
  <testcase classname="com.htp.method.testng.TestingGetwithTestNG" name="getResponseTime" time="0.001"/>
  <testcase classname="com.htp.method.testng.TestingGetwithTestNG" name="getStatusCode" time="0.001"/>
</testsuite> <!-- Default test -->
