<?xml version="1.0" encoding="UTF-8"?>
<testng-results ignored="0" total="1" passed="1" failed="0" skipped="0">
  <reporter-output>
  </reporter-output>
  <suite started-at="2021-08-22T14:30:02 EDT" name="Suite" finished-at="2021-08-22T14:30:07 EDT" duration-ms="4539">
    <groups>
      <group name="cucumber">
        <method signature="AbstractTestNGCucumberTests.runScenario(io.cucumber.testng.PickleWrapper,io.cucumber.testng.FeatureWrapper)[pri:0, instance:com.http.method.cucumber.Runner@67c33749]" name="runScenario" class="io.cucumber.testng.AbstractTestNGCucumberTests"/>
      </group> <!-- cucumber -->
    </groups>
    <test started-at="2021-08-22T14:30:02 EDT" name="Test" finished-at="2021-08-22T14:30:07 EDT" duration-ms="4539">
      <class name="com.http.method.cucumber.Runner">
        <test-method is-config="true" signature="setUpClass()[pri:0, instance:com.http.method.cucumber.Runner@67c33749]" started-at="2021-08-22T14:30:02 EDT" name="setUpClass" finished-at="2021-08-22T14:30:03 EDT" duration-ms="492" status="PASS">
          <reporter-output>
          </reporter-output>
        </test-method> <!-- setUpClass -->
        <test-method signature="runScenario(io.cucumber.testng.PickleWrapper,io.cucumber.testng.FeatureWrapper)[pri:0, instance:com.http.method.cucumber.Runner@67c33749]" started-at="2021-08-22T14:30:03 EDT" name="runScenario" description="Runs Cucumber Scenarios" data-provider="scenarios" finished-at="2021-08-22T14:30:05 EDT" duration-ms="2162" status="PASS">
          <params>
            <param index="0">
              <value>
                <![CDATA["As an API user, i am trying to prctice HTTP get method"]]>
              </value>
            </param>
            <param index="1">
              <value>
                <![CDATA["Optional[API get method testing]"]]>
              </value>
            </param>
          </params>
          <reporter-output>
          </reporter-output>
        </test-method> <!-- runScenario -->
        <test-method is-config="true" signature="tearDownClass()[pri:0, instance:com.http.method.cucumber.Runner@67c33749]" started-at="2021-08-22T14:30:05 EDT" name="tearDownClass" finished-at="2021-08-22T14:30:07 EDT" duration-ms="1845" status="PASS">
          <reporter-output>
          </reporter-output>
        </test-method> <!-- tearDownClass -->
      </class> <!-- com.http.method.cucumber.Runner -->
    </test> <!-- Test -->
  </suite> <!-- Suite -->
</testng-results>
