<?xml version="1.0" encoding="UTF-8"?>
<testng-results ignored="0" total="5" passed="5" failed="0" skipped="0">
  <reporter-output>
  </reporter-output>
  <suite started-at="2021-08-26T18:01:30 EDT" name="Default suite" finished-at="2021-08-26T18:01:33 EDT" duration-ms="2799">
    <groups>
    </groups>
    <test started-at="2021-08-26T18:01:30 EDT" name="Default test" finished-at="2021-08-26T18:01:33 EDT" duration-ms="2799">
      <class name="com.htp.method.testng.TestingGetwithTestNG">
        <test-method is-config="true" signature="getsetup()[pri:0, instance:com.htp.method.testng.TestingGetwithTestNG@57af006c]" started-at="2021-08-26T18:01:30 EDT" name="getsetup" finished-at="2021-08-26T18:01:32 EDT" duration-ms="1956" status="PASS">
          <reporter-output>
          </reporter-output>
        </test-method> <!-- getsetup -->
        <test-method signature="getContainType()[pri:0, instance:com.htp.method.testng.TestingGetwithTestNG@57af006c]" started-at="2021-08-26T18:01:32 EDT" name="getContainType" finished-at="2021-08-26T18:01:32 EDT" duration-ms="13" status="PASS">
          <reporter-output>
          </reporter-output>
        </test-method> <!-- getContainType -->
        <test-method signature="getResponseDataValidation()[pri:0, instance:com.htp.method.testng.TestingGetwithTestNG@57af006c]" started-at="2021-08-26T18:01:32 EDT" name="getResponseDataValidation" finished-at="2021-08-26T18:01:33 EDT" duration-ms="772" status="PASS">
          <reporter-output>
          </reporter-output>
        </test-method> <!-- getResponseDataValidation -->
        <test-method signature="getResponseNullOrNot()[pri:0, instance:com.htp.method.testng.TestingGetwithTestNG@57af006c]" started-at="2021-08-26T18:01:33 EDT" name="getResponseNullOrNot" finished-at="2021-08-26T18:01:33 EDT" duration-ms="1" status="PASS">
          <reporter-output>
          </reporter-output>
        </test-method> <!-- getResponseNullOrNot -->
        <test-method signature="getResponseTime()[pri:0, instance:com.htp.method.testng.TestingGetwithTestNG@57af006c]" started-at="2021-08-26T18:01:33 EDT" name="getResponseTime" finished-at="2021-08-26T18:01:33 EDT" duration-ms="1" status="PASS">
          <reporter-output>
          </reporter-output>
        </test-method> <!-- getResponseTime -->
        <test-method signature="getStatusCode()[pri:0, instance:com.htp.method.testng.TestingGetwithTestNG@57af006c]" started-at="2021-08-26T18:01:33 EDT" name="getStatusCode" finished-at="2021-08-26T18:01:33 EDT" duration-ms="1" status="PASS">
          <reporter-output>
          </reporter-output>
        </test-method> <!-- getStatusCode -->
        <test-method is-config="true" signature="teardown()[pri:0, instance:com.htp.method.testng.TestingGetwithTestNG@57af006c]" started-at="2021-08-26T18:01:33 EDT" name="teardown" finished-at="2021-08-26T18:01:33 EDT" duration-ms="0" status="PASS">
          <reporter-output>
          </reporter-output>
        </test-method> <!-- teardown -->
      </class> <!-- com.htp.method.testng.TestingGetwithTestNG -->
    </test> <!-- Default test -->
  </suite> <!-- Default suite -->
</testng-results>
